2023-12-18 15:12:833 INFO  HomePage :27 - Enter username [[ChromeDriver: chrome on windows (15a4a3dd14337d6f85cd31f92a9f4816)] -> xpath: /html[1]/body[1]/div[1]/div[1]/div[1]/div[1]/div[1]/div[2]/div[2]/form[1]/div[1]/div[1]/div[2]/input[1]]
2023-12-18 15:12:910 INFO  HomePage :34 - Enter password [[ChromeDriver: chrome on windows (15a4a3dd14337d6f85cd31f92a9f4816)] -> xpath: /html[1]/body[1]/div[1]/div[1]/div[1]/div[1]/div[1]/div[2]/div[2]/form[1]/div[2]/div[1]/div[2]/input[1]]
2023-12-18 15:12:10 INFO  HomePage :40 - Click On login Button [[ChromeDriver: chrome on windows (15a4a3dd14337d6f85cd31f92a9f4816)] -> xpath: /html[1]/body[1]/div[1]/div[1]/div[1]/div[1]/div[1]/div[2]/div[2]/form[1]/div[3]/button[1]]
2023-12-18 15:12:69 INFO  AdminPage :25 - Click on Admin [[ChromeDriver: chrome on windows (15a4a3dd14337d6f85cd31f92a9f4816)] -> xpath: /html[1]/body[1]/div[1]/div[1]/div[1]/aside[1]/nav[1]/div[2]/ul[1]/li[1]/a[1]]
2023-12-18 15:12:462 INFO  AdminPage :30 - Getting system user text [[ChromeDriver: chrome on windows (15a4a3dd14337d6f85cd31f92a9f4816)] -> css selector: .oxd-text.oxd-text--h5.oxd-table-filter-title]
2023-12-18 15:12:518 INFO  AdminPage :35 - Click on Add Button [[ChromeDriver: chrome on windows (15a4a3dd14337d6f85cd31f92a9f4816)] -> css selector: button[class='oxd-button oxd-button--medium oxd-button--secondary']]
2023-12-18 15:12:899 INFO  AdminPage :30 - Getting system user text Proxy element for: DefaultElementLocator 'By.cssSelector: .oxd-text.oxd-text--h5.oxd-table-filter-title'
2023-12-18 15:12:740 INFO  AddUserPage :56 - Select user Role Proxy element for: DefaultElementLocator 'By.cssSelector: .oxd-select-text.oxd-select-text--active.oxd-select-text--error'
2023-12-18 15:12:237 INFO  HomePage :27 - Enter username [[ChromeDriver: chrome on windows (37c4b207855e6dbd925363e1c128eee7)] -> xpath: /html[1]/body[1]/div[1]/div[1]/div[1]/div[1]/div[1]/div[2]/div[2]/form[1]/div[1]/div[1]/div[2]/input[1]]
2023-12-18 15:12:936 INFO  HomePage :27 - Enter username [[ChromeDriver: chrome on windows (42cbf4a2bd459d8bcaa7ee16aab47bd7)] -> xpath: /html[1]/body[1]/div[1]/div[1]/div[1]/div[1]/div[1]/div[2]/div[2]/form[1]/div[1]/div[1]/div[2]/input[1]]
2023-12-18 15:12:01 INFO  HomePage :34 - Enter password [[ChromeDriver: chrome on windows (42cbf4a2bd459d8bcaa7ee16aab47bd7)] -> xpath: /html[1]/body[1]/div[1]/div[1]/div[1]/div[1]/div[1]/div[2]/div[2]/form[1]/div[2]/div[1]/div[2]/input[1]]
2023-12-18 15:12:351 INFO  HomePage :27 - Enter username [[ChromeDriver: chrome on windows (1f727c8e56782c33665c0bd72863bef8)] -> xpath: /html[1]/body[1]/div[1]/div[1]/div[1]/div[1]/div[1]/div[2]/div[2]/form[1]/div[1]/div[1]/div[2]/input[1]]
2023-12-18 15:12:448 INFO  HomePage :34 - Enter password [[ChromeDriver: chrome on windows (1f727c8e56782c33665c0bd72863bef8)] -> xpath: /html[1]/body[1]/div[1]/div[1]/div[1]/div[1]/div[1]/div[2]/div[2]/form[1]/div[2]/div[1]/div[2]/input[1]]
2023-12-18 15:12:530 INFO  HomePage :40 - Click On login Button [[ChromeDriver: chrome on windows (1f727c8e56782c33665c0bd72863bef8)] -> xpath: /html[1]/body[1]/div[1]/div[1]/div[1]/div[1]/div[1]/div[2]/div[2]/form[1]/div[3]/button[1]]
2023-12-18 15:12:813 INFO  AdminPage :25 - Click on Admin [[ChromeDriver: chrome on windows (1f727c8e56782c33665c0bd72863bef8)] -> xpath: /html[1]/body[1]/div[1]/div[1]/div[1]/aside[1]/nav[1]/div[2]/ul[1]/li[1]/a[1]]
2023-12-18 15:12:749 INFO  AdminPage :30 - Getting system user text [[ChromeDriver: chrome on windows (1f727c8e56782c33665c0bd72863bef8)] -> css selector: .oxd-text.oxd-text--h5.oxd-table-filter-title]
2023-12-18 15:12:811 INFO  AdminPage :35 - Click on Add Button [[ChromeDriver: chrome on windows (1f727c8e56782c33665c0bd72863bef8)] -> css selector: button[class='oxd-button oxd-button--medium oxd-button--secondary']]
2023-12-18 15:12:320 INFO  AdminPage :30 - Getting system user text Proxy element for: DefaultElementLocator 'By.cssSelector: .oxd-text.oxd-text--h5.oxd-table-filter-title'
2023-12-18 15:12:880 INFO  HomePage :27 - Enter username [[ChromeDriver: chrome on windows (3bf3bab9a81afc2d7217d17843fb1b26)] -> xpath: /html[1]/body[1]/div[1]/div[1]/div[1]/div[1]/div[1]/div[2]/div[2]/form[1]/div[1]/div[1]/div[2]/input[1]]
2023-12-18 15:12:61 INFO  HomePage :34 - Enter password [[ChromeDriver: chrome on windows (3bf3bab9a81afc2d7217d17843fb1b26)] -> xpath: /html[1]/body[1]/div[1]/div[1]/div[1]/div[1]/div[1]/div[2]/div[2]/form[1]/div[2]/div[1]/div[2]/input[1]]
2023-12-18 15:12:207 INFO  HomePage :40 - Click On login Button [[ChromeDriver: chrome on windows (3bf3bab9a81afc2d7217d17843fb1b26)] -> xpath: /html[1]/body[1]/div[1]/div[1]/div[1]/div[1]/div[1]/div[2]/div[2]/form[1]/div[3]/button[1]]
2023-12-18 15:12:399 INFO  AdminPage :25 - Click on Admin [[ChromeDriver: chrome on windows (3bf3bab9a81afc2d7217d17843fb1b26)] -> xpath: /html[1]/body[1]/div[1]/div[1]/div[1]/aside[1]/nav[1]/div[2]/ul[1]/li[1]/a[1]]
2023-12-18 15:12:112 INFO  AdminPage :30 - Getting system user text [[ChromeDriver: chrome on windows (3bf3bab9a81afc2d7217d17843fb1b26)] -> css selector: .oxd-text.oxd-text--h5.oxd-table-filter-title]
2023-12-18 15:12:175 INFO  AdminPage :35 - Click on Add Button [[ChromeDriver: chrome on windows (3bf3bab9a81afc2d7217d17843fb1b26)] -> css selector: button[class='oxd-button oxd-button--medium oxd-button--secondary']]
2023-12-18 15:12:646 INFO  AdminPage :30 - Getting system user text Proxy element for: DefaultElementLocator 'By.cssSelector: .oxd-text.oxd-text--h5.oxd-table-filter-title'
2023-12-18 15:12:108 INFO  HomePage :27 - Enter username [[ChromeDriver: chrome on windows (2b216fdb3dc869c68874fccffeb0d6ef)] -> xpath: /html[1]/body[1]/div[1]/div[1]/div[1]/div[1]/div[1]/div[2]/div[2]/form[1]/div[1]/div[1]/div[2]/input[1]]
2023-12-18 15:12:292 INFO  HomePage :34 - Enter password [[ChromeDriver: chrome on windows (2b216fdb3dc869c68874fccffeb0d6ef)] -> xpath: /html[1]/body[1]/div[1]/div[1]/div[1]/div[1]/div[1]/div[2]/div[2]/form[1]/div[2]/div[1]/div[2]/input[1]]
2023-12-18 15:12:438 INFO  HomePage :40 - Click On login Button [[ChromeDriver: chrome on windows (2b216fdb3dc869c68874fccffeb0d6ef)] -> xpath: /html[1]/body[1]/div[1]/div[1]/div[1]/div[1]/div[1]/div[2]/div[2]/form[1]/div[3]/button[1]]
2023-12-18 15:12:745 INFO  AdminPage :25 - Click on Admin [[ChromeDriver: chrome on windows (2b216fdb3dc869c68874fccffeb0d6ef)] -> xpath: /html[1]/body[1]/div[1]/div[1]/div[1]/aside[1]/nav[1]/div[2]/ul[1]/li[1]/a[1]]
2023-12-18 15:12:492 INFO  AdminPage :30 - Getting system user text [[ChromeDriver: chrome on windows (2b216fdb3dc869c68874fccffeb0d6ef)] -> css selector: .oxd-text.oxd-text--h5.oxd-table-filter-title]
2023-12-18 15:12:598 INFO  AdminPage :35 - Click on Add Button [[ChromeDriver: chrome on windows (2b216fdb3dc869c68874fccffeb0d6ef)] -> css selector: button[class='oxd-button oxd-button--medium oxd-button--secondary']]
2023-12-18 15:12:79 INFO  AdminPage :30 - Getting system user text Proxy element for: DefaultElementLocator 'By.cssSelector: .oxd-text.oxd-text--h5.oxd-table-filter-title'
2023-12-18 15:12:322 INFO  HomePage :27 - Enter username [[ChromeDriver: chrome on windows (d693d4fc794bfb8b6e2bc916061398d4)] -> xpath: /html[1]/body[1]/div[1]/div[1]/div[1]/div[1]/div[1]/div[2]/div[2]/form[1]/div[1]/div[1]/div[2]/input[1]]
2023-12-18 15:12:520 INFO  HomePage :34 - Enter password [[ChromeDriver: chrome on windows (d693d4fc794bfb8b6e2bc916061398d4)] -> xpath: /html[1]/body[1]/div[1]/div[1]/div[1]/div[1]/div[1]/div[2]/div[2]/form[1]/div[2]/div[1]/div[2]/input[1]]
2023-12-18 15:12:723 INFO  HomePage :40 - Click On login Button [[ChromeDriver: chrome on windows (d693d4fc794bfb8b6e2bc916061398d4)] -> xpath: /html[1]/body[1]/div[1]/div[1]/div[1]/div[1]/div[1]/div[2]/div[2]/form[1]/div[3]/button[1]]
2023-12-18 15:12:119 INFO  AdminPage :25 - Click on Admin [[ChromeDriver: chrome on windows (d693d4fc794bfb8b6e2bc916061398d4)] -> xpath: /html[1]/body[1]/div[1]/div[1]/div[1]/aside[1]/nav[1]/div[2]/ul[1]/li[1]/a[1]]
2023-12-18 15:12:784 INFO  AdminPage :35 - Click on Add Button [[ChromeDriver: chrome on windows (d693d4fc794bfb8b6e2bc916061398d4)] -> css selector: button[class='oxd-button oxd-button--medium oxd-button--secondary']]
2023-12-18 15:12:495 INFO  AddUserPage :56 - Select user Role Proxy element for: DefaultElementLocator 'By.cssSelector: .oxd-select-text.oxd-select-text--active.oxd-select-text--error'
2023-12-18 16:12:320 INFO  HomePage :27 - Enter username [[ChromeDriver: chrome on windows (4466c44d9bca2628075f241965eb1238)] -> xpath: /html[1]/body[1]/div[1]/div[1]/div[1]/div[1]/div[1]/div[2]/div[2]/form[1]/div[1]/div[1]/div[2]/input[1]]
2023-12-18 16:12:510 INFO  HomePage :34 - Enter password [[ChromeDriver: chrome on windows (4466c44d9bca2628075f241965eb1238)] -> xpath: /html[1]/body[1]/div[1]/div[1]/div[1]/div[1]/div[1]/div[2]/div[2]/form[1]/div[2]/div[1]/div[2]/input[1]]
2023-12-18 16:12:699 INFO  HomePage :40 - Click On login Button [[ChromeDriver: chrome on windows (4466c44d9bca2628075f241965eb1238)] -> xpath: /html[1]/body[1]/div[1]/div[1]/div[1]/div[1]/div[1]/div[2]/div[2]/form[1]/div[3]/button[1]]
2023-12-18 16:12:09 INFO  AdminPage :25 - Click on Admin [[ChromeDriver: chrome on windows (4466c44d9bca2628075f241965eb1238)] -> xpath: /html[1]/body[1]/div[1]/div[1]/div[1]/aside[1]/nav[1]/div[2]/ul[1]/li[1]/a[1]]
2023-12-18 16:12:81 INFO  AdminPage :35 - Click on Add Button [[ChromeDriver: chrome on windows (4466c44d9bca2628075f241965eb1238)] -> css selector: button[class='oxd-button oxd-button--medium oxd-button--secondary']]
2023-12-18 16:12:828 INFO  AddUserPage :56 - Select user Role Proxy element for: DefaultElementLocator 'By.xpath: //div[@class='oxd-grid-4 orangehrm-full-width-grid']/div[2]/div/div[2]/div/div/div[2]/i'
2023-12-18 17:12:474 INFO  HomePage :27 - Enter username [[ChromeDriver: chrome on windows (f51aa897ab49b4b2c695e15d93676608)] -> xpath: /html[1]/body[1]/div[1]/div[1]/div[1]/div[1]/div[1]/div[2]/div[2]/form[1]/div[1]/div[1]/div[2]/input[1]]
2023-12-18 17:12:645 INFO  HomePage :34 - Enter password [[ChromeDriver: chrome on windows (f51aa897ab49b4b2c695e15d93676608)] -> xpath: /html[1]/body[1]/div[1]/div[1]/div[1]/div[1]/div[1]/div[2]/div[2]/form[1]/div[2]/div[1]/div[2]/input[1]]
2023-12-18 17:12:831 INFO  HomePage :40 - Click On login Button [[ChromeDriver: chrome on windows (f51aa897ab49b4b2c695e15d93676608)] -> xpath: /html[1]/body[1]/div[1]/div[1]/div[1]/div[1]/div[1]/div[2]/div[2]/form[1]/div[3]/button[1]]
2023-12-18 17:12:47 INFO  AdminPage :25 - Click on Admin [[ChromeDriver: chrome on windows (f51aa897ab49b4b2c695e15d93676608)] -> xpath: /html[1]/body[1]/div[1]/div[1]/div[1]/aside[1]/nav[1]/div[2]/ul[1]/li[1]/a[1]]
2023-12-18 17:12:456 INFO  AdminPage :35 - Click on Add Button [[ChromeDriver: chrome on windows (f51aa897ab49b4b2c695e15d93676608)] -> css selector: button[class='oxd-button oxd-button--medium oxd-button--secondary']]
2023-12-18 17:12:886 INFO  AddUserPage :56 - Select user Role Proxy element for: DefaultElementLocator 'By.xpath: //div[@class='oxd-grid-4 orangehrm-full-width-grid']/div[2]/div/div[2]/div/div/div[2]/i'
2023-12-18 17:12:722 INFO  HomePage :27 - Enter username [[ChromeDriver: chrome on windows (c8da4684a90817a153cd6270f624e89f)] -> xpath: /html[1]/body[1]/div[1]/div[1]/div[1]/div[1]/div[1]/div[2]/div[2]/form[1]/div[1]/div[1]/div[2]/input[1]]
2023-12-18 17:12:00 INFO  HomePage :34 - Enter password [[ChromeDriver: chrome on windows (c8da4684a90817a153cd6270f624e89f)] -> xpath: /html[1]/body[1]/div[1]/div[1]/div[1]/div[1]/div[1]/div[2]/div[2]/form[1]/div[2]/div[1]/div[2]/input[1]]
2023-12-18 17:12:267 INFO  HomePage :40 - Click On login Button [[ChromeDriver: chrome on windows (c8da4684a90817a153cd6270f624e89f)] -> xpath: /html[1]/body[1]/div[1]/div[1]/div[1]/div[1]/div[1]/div[2]/div[2]/form[1]/div[3]/button[1]]
2023-12-18 17:12:514 INFO  AdminPage :25 - Click on Admin [[ChromeDriver: chrome on windows (c8da4684a90817a153cd6270f624e89f)] -> xpath: /html[1]/body[1]/div[1]/div[1]/div[1]/aside[1]/nav[1]/div[2]/ul[1]/li[1]/a[1]]
2023-12-18 17:12:121 INFO  AdminPage :35 - Click on Add Button [[ChromeDriver: chrome on windows (c8da4684a90817a153cd6270f624e89f)] -> css selector: button[class='oxd-button oxd-button--medium oxd-button--secondary']]
2023-12-18 17:12:568 INFO  AddUserPage :56 - Select user Role Proxy element for: DefaultElementLocator 'By.xpath: //div[@class='oxd-grid-4 orangehrm-full-width-grid']/div[2]/div/div[2]/div/div/div[2]/i'
2023-12-18 17:12:474 INFO  HomePage :27 - Enter username [[ChromeDriver: chrome on windows (3031af4b68ec8e1079351c4a6fcddef1)] -> xpath: /html[1]/body[1]/div[1]/div[1]/div[1]/div[1]/div[1]/div[2]/div[2]/form[1]/div[1]/div[1]/div[2]/input[1]]
2023-12-18 17:12:647 INFO  HomePage :34 - Enter password [[ChromeDriver: chrome on windows (3031af4b68ec8e1079351c4a6fcddef1)] -> xpath: /html[1]/body[1]/div[1]/div[1]/div[1]/div[1]/div[1]/div[2]/div[2]/form[1]/div[2]/div[1]/div[2]/input[1]]
2023-12-18 17:12:850 INFO  HomePage :40 - Click On login Button [[ChromeDriver: chrome on windows (3031af4b68ec8e1079351c4a6fcddef1)] -> xpath: /html[1]/body[1]/div[1]/div[1]/div[1]/div[1]/div[1]/div[2]/div[2]/form[1]/div[3]/button[1]]
2023-12-18 17:12:168 INFO  AdminPage :25 - Click on Admin [[ChromeDriver: chrome on windows (3031af4b68ec8e1079351c4a6fcddef1)] -> xpath: /html[1]/body[1]/div[1]/div[1]/div[1]/aside[1]/nav[1]/div[2]/ul[1]/li[1]/a[1]]
2023-12-18 17:12:170 INFO  HomePage :27 - Enter username [[ChromeDriver: chrome on windows (caa0b48720a5d7aee7e6338b937bd0fa)] -> xpath: /html[1]/body[1]/div[1]/div[1]/div[1]/div[1]/div[1]/div[2]/div[2]/form[1]/div[1]/div[1]/div[2]/input[1]]
2023-12-18 17:12:327 INFO  HomePage :34 - Enter password [[ChromeDriver: chrome on windows (caa0b48720a5d7aee7e6338b937bd0fa)] -> xpath: /html[1]/body[1]/div[1]/div[1]/div[1]/div[1]/div[1]/div[2]/div[2]/form[1]/div[2]/div[1]/div[2]/input[1]]
2023-12-18 17:12:502 INFO  HomePage :40 - Click On login Button [[ChromeDriver: chrome on windows (caa0b48720a5d7aee7e6338b937bd0fa)] -> xpath: /html[1]/body[1]/div[1]/div[1]/div[1]/div[1]/div[1]/div[2]/div[2]/form[1]/div[3]/button[1]]
2023-12-18 17:12:641 INFO  AdminPage :25 - Click on Admin [[ChromeDriver: chrome on windows (caa0b48720a5d7aee7e6338b937bd0fa)] -> xpath: /html[1]/body[1]/div[1]/div[1]/div[1]/aside[1]/nav[1]/div[2]/ul[1]/li[1]/a[1]]
2023-12-18 17:12:590 INFO  HomePage :27 - Enter username [[ChromeDriver: chrome on windows (c5cf55b0794d0520427b243dc9b84fdb)] -> xpath: /html[1]/body[1]/div[1]/div[1]/div[1]/div[1]/div[1]/div[2]/div[2]/form[1]/div[1]/div[1]/div[2]/input[1]]
2023-12-18 17:12:794 INFO  HomePage :34 - Enter password [[ChromeDriver: chrome on windows (c5cf55b0794d0520427b243dc9b84fdb)] -> xpath: /html[1]/body[1]/div[1]/div[1]/div[1]/div[1]/div[1]/div[2]/div[2]/form[1]/div[2]/div[1]/div[2]/input[1]]
2023-12-18 17:12:988 INFO  HomePage :40 - Click On login Button [[ChromeDriver: chrome on windows (c5cf55b0794d0520427b243dc9b84fdb)] -> xpath: /html[1]/body[1]/div[1]/div[1]/div[1]/div[1]/div[1]/div[2]/div[2]/form[1]/div[3]/button[1]]
2023-12-18 17:12:243 INFO  AdminPage :25 - Click on Admin [[ChromeDriver: chrome on windows (c5cf55b0794d0520427b243dc9b84fdb)] -> xpath: /html[1]/body[1]/div[1]/div[1]/div[1]/aside[1]/nav[1]/div[2]/ul[1]/li[1]/a[1]]
2023-12-18 17:12:246 INFO  HomePage :27 - Enter username [[ChromeDriver: chrome on windows (06adb012b1d912bd44cd338df86a0432)] -> xpath: /html[1]/body[1]/div[1]/div[1]/div[1]/div[1]/div[1]/div[2]/div[2]/form[1]/div[1]/div[1]/div[2]/input[1]]
2023-12-18 17:12:393 INFO  HomePage :34 - Enter password [[ChromeDriver: chrome on windows (06adb012b1d912bd44cd338df86a0432)] -> xpath: /html[1]/body[1]/div[1]/div[1]/div[1]/div[1]/div[1]/div[2]/div[2]/form[1]/div[2]/div[1]/div[2]/input[1]]
2023-12-18 17:12:670 INFO  HomePage :40 - Click On login Button [[ChromeDriver: chrome on windows (06adb012b1d912bd44cd338df86a0432)] -> xpath: /html[1]/body[1]/div[1]/div[1]/div[1]/div[1]/div[1]/div[2]/div[2]/form[1]/div[3]/button[1]]
2023-12-18 17:12:847 INFO  AdminPage :25 - Click on Admin [[ChromeDriver: chrome on windows (06adb012b1d912bd44cd338df86a0432)] -> xpath: /html[1]/body[1]/div[1]/div[1]/div[1]/aside[1]/nav[1]/div[2]/ul[1]/li[1]/a[1]]
2023-12-18 17:12:202 INFO  HomePage :27 - Enter username [[ChromeDriver: chrome on windows (80280710c715a40048adab77e90470f1)] -> xpath: /html[1]/body[1]/div[1]/div[1]/div[1]/div[1]/div[1]/div[2]/div[2]/form[1]/div[1]/div[1]/div[2]/input[1]]
2023-12-18 17:12:325 INFO  HomePage :34 - Enter password [[ChromeDriver: chrome on windows (80280710c715a40048adab77e90470f1)] -> xpath: /html[1]/body[1]/div[1]/div[1]/div[1]/div[1]/div[1]/div[2]/div[2]/form[1]/div[2]/div[1]/div[2]/input[1]]
2023-12-18 17:12:474 INFO  HomePage :40 - Click On login Button [[ChromeDriver: chrome on windows (80280710c715a40048adab77e90470f1)] -> xpath: /html[1]/body[1]/div[1]/div[1]/div[1]/div[1]/div[1]/div[2]/div[2]/form[1]/div[3]/button[1]]
2023-12-18 17:12:563 INFO  AdminPage :25 - Click on Admin [[ChromeDriver: chrome on windows (80280710c715a40048adab77e90470f1)] -> xpath: /html[1]/body[1]/div[1]/div[1]/div[1]/aside[1]/nav[1]/div[2]/ul[1]/li[1]/a[1]]
2023-12-18 17:12:639 INFO  HomePage :27 - Enter username [[ChromeDriver: chrome on windows (94552b05a870090a56b99fd208af469d)] -> xpath: /html[1]/body[1]/div[1]/div[1]/div[1]/div[1]/div[1]/div[2]/div[2]/form[1]/div[1]/div[1]/div[2]/input[1]]
2023-12-18 17:12:840 INFO  HomePage :34 - Enter password [[ChromeDriver: chrome on windows (94552b05a870090a56b99fd208af469d)] -> xpath: /html[1]/body[1]/div[1]/div[1]/div[1]/div[1]/div[1]/div[2]/div[2]/form[1]/div[2]/div[1]/div[2]/input[1]]
2023-12-18 17:12:31 INFO  HomePage :40 - Click On login Button [[ChromeDriver: chrome on windows (94552b05a870090a56b99fd208af469d)] -> xpath: /html[1]/body[1]/div[1]/div[1]/div[1]/div[1]/div[1]/div[2]/div[2]/form[1]/div[3]/button[1]]
2023-12-18 17:12:122 INFO  AdminPage :25 - Click on Admin [[ChromeDriver: chrome on windows (94552b05a870090a56b99fd208af469d)] -> xpath: /html[1]/body[1]/div[1]/div[1]/div[1]/aside[1]/nav[1]/div[2]/ul[1]/li[1]/a[1]]
2023-12-18 17:12:354 INFO  HomePage :27 - Enter username [[ChromeDriver: chrome on windows (cd23ad6397be2d60219c9600eeb51264)] -> xpath: /html[1]/body[1]/div[1]/div[1]/div[1]/div[1]/div[1]/div[2]/div[2]/form[1]/div[1]/div[1]/div[2]/input[1]]
2023-12-18 17:12:519 INFO  HomePage :34 - Enter password [[ChromeDriver: chrome on windows (cd23ad6397be2d60219c9600eeb51264)] -> xpath: /html[1]/body[1]/div[1]/div[1]/div[1]/div[1]/div[1]/div[2]/div[2]/form[1]/div[2]/div[1]/div[2]/input[1]]
2023-12-18 17:12:722 INFO  HomePage :40 - Click On login Button [[ChromeDriver: chrome on windows (cd23ad6397be2d60219c9600eeb51264)] -> xpath: /html[1]/body[1]/div[1]/div[1]/div[1]/div[1]/div[1]/div[2]/div[2]/form[1]/div[3]/button[1]]
2023-12-18 17:12:736 INFO  HomePage :27 - Enter username [[ChromeDriver: chrome on windows (e4916f946469531e10c8e657d929ac21)] -> xpath: /html[1]/body[1]/div[1]/div[1]/div[1]/div[1]/div[1]/div[2]/div[2]/form[1]/div[1]/div[1]/div[2]/input[1]]
2023-12-18 17:12:985 INFO  HomePage :34 - Enter password [[ChromeDriver: chrome on windows (e4916f946469531e10c8e657d929ac21)] -> xpath: /html[1]/body[1]/div[1]/div[1]/div[1]/div[1]/div[1]/div[2]/div[2]/form[1]/div[2]/div[1]/div[2]/input[1]]
2023-12-18 17:12:277 INFO  HomePage :40 - Click On login Button [[ChromeDriver: chrome on windows (e4916f946469531e10c8e657d929ac21)] -> xpath: /html[1]/body[1]/div[1]/div[1]/div[1]/div[1]/div[1]/div[2]/div[2]/form[1]/div[3]/button[1]]
2023-12-18 17:12:596 INFO  DashboardPage :27 - Enter Profile Photo [[ChromeDriver: chrome on windows (e4916f946469531e10c8e657d929ac21)] -> xpath: (//img[@class='oxd-userdropdown-img'])[1]]
2023-12-18 17:12:608 INFO  DashboardPage :31 - Click On logout [[ChromeDriver: chrome on windows (e4916f946469531e10c8e657d929ac21)] -> xpath: (//a[normalize-space()='Logout'])[1]]
2023-12-18 17:12:804 INFO  DashboardPage :35 - Getting loginpanel [[ChromeDriver: chrome on windows (e4916f946469531e10c8e657d929ac21)] -> xpath: (//h5[normalize-space()='Login'])[1]]
2023-12-18 17:12:50 INFO  HomePage :27 - Enter username [[ChromeDriver: chrome on windows (62e4f76abe744e00fd18ee1ace46eb77)] -> xpath: /html[1]/body[1]/div[1]/div[1]/div[1]/div[1]/div[1]/div[2]/div[2]/form[1]/div[1]/div[1]/div[2]/input[1]]
2023-12-18 17:12:330 INFO  HomePage :34 - Enter password [[ChromeDriver: chrome on windows (62e4f76abe744e00fd18ee1ace46eb77)] -> xpath: /html[1]/body[1]/div[1]/div[1]/div[1]/div[1]/div[1]/div[2]/div[2]/form[1]/div[2]/div[1]/div[2]/input[1]]
2023-12-18 17:12:554 INFO  HomePage :40 - Click On login Button [[ChromeDriver: chrome on windows (62e4f76abe744e00fd18ee1ace46eb77)] -> xpath: /html[1]/body[1]/div[1]/div[1]/div[1]/div[1]/div[1]/div[2]/div[2]/form[1]/div[3]/button[1]]
2023-12-18 17:12:206 INFO  HomePage :43 - Getting error message Proxy element for: DefaultElementLocator 'By.xpath: (//span[@class='oxd-text oxd-text--span oxd-input-field-error-message oxd-input-group__message'][normalize-space()='Required'])[1]'
2023-12-18 17:12:422 INFO  HomePage :27 - Enter username [[ChromeDriver: chrome on windows (ff6cce42b66ef45d534221e459228b61)] -> xpath: /html[1]/body[1]/div[1]/div[1]/div[1]/div[1]/div[1]/div[2]/div[2]/form[1]/div[1]/div[1]/div[2]/input[1]]
2023-12-18 17:12:654 INFO  HomePage :34 - Enter password [[ChromeDriver: chrome on windows (ff6cce42b66ef45d534221e459228b61)] -> xpath: /html[1]/body[1]/div[1]/div[1]/div[1]/div[1]/div[1]/div[2]/div[2]/form[1]/div[2]/div[1]/div[2]/input[1]]
2023-12-18 17:12:812 INFO  HomePage :40 - Click On login Button [[ChromeDriver: chrome on windows (ff6cce42b66ef45d534221e459228b61)] -> xpath: /html[1]/body[1]/div[1]/div[1]/div[1]/div[1]/div[1]/div[2]/div[2]/form[1]/div[3]/button[1]]
2023-12-18 17:12:399 INFO  HomePage :43 - Getting error message Proxy element for: DefaultElementLocator 'By.xpath: (//span[@class='oxd-text oxd-text--span oxd-input-field-error-message oxd-input-group__message'][normalize-space()='Required'])[1]'
2023-12-18 17:12:877 INFO  HomePage :27 - Enter username [[ChromeDriver: chrome on windows (49996d2c922521e06b7ebff9339a891a)] -> xpath: /html[1]/body[1]/div[1]/div[1]/div[1]/div[1]/div[1]/div[2]/div[2]/form[1]/div[1]/div[1]/div[2]/input[1]]
2023-12-18 17:12:89 INFO  HomePage :34 - Enter password [[ChromeDriver: chrome on windows (49996d2c922521e06b7ebff9339a891a)] -> xpath: /html[1]/body[1]/div[1]/div[1]/div[1]/div[1]/div[1]/div[2]/div[2]/form[1]/div[2]/div[1]/div[2]/input[1]]
2023-12-18 17:12:242 INFO  HomePage :40 - Click On login Button [[ChromeDriver: chrome on windows (49996d2c922521e06b7ebff9339a891a)] -> xpath: /html[1]/body[1]/div[1]/div[1]/div[1]/div[1]/div[1]/div[2]/div[2]/form[1]/div[3]/button[1]]
2023-12-18 17:12:840 INFO  HomePage :43 - Getting error message Proxy element for: DefaultElementLocator 'By.xpath: (//span[@class='oxd-text oxd-text--span oxd-input-field-error-message oxd-input-group__message'][normalize-space()='Required'])[1]'
2023-12-18 17:12:122 INFO  HomePage :27 - Enter username [[ChromeDriver: chrome on windows (546da335c1a67d547222dba666f13b8e)] -> xpath: /html[1]/body[1]/div[1]/div[1]/div[1]/div[1]/div[1]/div[2]/div[2]/form[1]/div[1]/div[1]/div[2]/input[1]]
2023-12-18 17:12:338 INFO  HomePage :34 - Enter password [[ChromeDriver: chrome on windows (546da335c1a67d547222dba666f13b8e)] -> xpath: /html[1]/body[1]/div[1]/div[1]/div[1]/div[1]/div[1]/div[2]/div[2]/form[1]/div[2]/div[1]/div[2]/input[1]]
2023-12-18 17:12:468 INFO  HomePage :40 - Click On login Button [[ChromeDriver: chrome on windows (546da335c1a67d547222dba666f13b8e)] -> xpath: /html[1]/body[1]/div[1]/div[1]/div[1]/div[1]/div[1]/div[2]/div[2]/form[1]/div[3]/button[1]]
2023-12-18 17:12:656 INFO  HomePage :43 - Getting error message Proxy element for: DefaultElementLocator 'By.xpath: (//span[@class='oxd-text oxd-text--span oxd-input-field-error-message oxd-input-group__message'][normalize-space()='Required'])[1]'
2023-12-18 17:12:310 INFO  HomePage :27 - Enter username [[ChromeDriver: chrome on windows (9f39c13a78aeef800c10b30e20b9b336)] -> xpath: /html[1]/body[1]/div[1]/div[1]/div[1]/div[1]/div[1]/div[2]/div[2]/form[1]/div[1]/div[1]/div[2]/input[1]]
2023-12-18 17:12:441 INFO  HomePage :34 - Enter password [[ChromeDriver: chrome on windows (9f39c13a78aeef800c10b30e20b9b336)] -> xpath: /html[1]/body[1]/div[1]/div[1]/div[1]/div[1]/div[1]/div[2]/div[2]/form[1]/div[2]/div[1]/div[2]/input[1]]
2023-12-18 17:12:599 INFO  HomePage :40 - Click On login Button [[ChromeDriver: chrome on windows (9f39c13a78aeef800c10b30e20b9b336)] -> xpath: /html[1]/body[1]/div[1]/div[1]/div[1]/div[1]/div[1]/div[2]/div[2]/form[1]/div[3]/button[1]]
2023-12-18 17:12:676 INFO  AdminPage :25 - Click on Admin [[ChromeDriver: chrome on windows (9f39c13a78aeef800c10b30e20b9b336)] -> xpath: /html[1]/body[1]/div[1]/div[1]/div[1]/aside[1]/nav[1]/div[2]/ul[1]/li[1]/a[1]]
2023-12-18 17:12:670 INFO  HomePage :27 - Enter username [[ChromeDriver: chrome on windows (7c68750cb767cb3a09b091c44c21fb9c)] -> xpath: /html[1]/body[1]/div[1]/div[1]/div[1]/div[1]/div[1]/div[2]/div[2]/form[1]/div[1]/div[1]/div[2]/input[1]]
2023-12-18 17:12:809 INFO  HomePage :34 - Enter password [[ChromeDriver: chrome on windows (7c68750cb767cb3a09b091c44c21fb9c)] -> xpath: /html[1]/body[1]/div[1]/div[1]/div[1]/div[1]/div[1]/div[2]/div[2]/form[1]/div[2]/div[1]/div[2]/input[1]]
2023-12-18 17:12:967 INFO  HomePage :40 - Click On login Button [[ChromeDriver: chrome on windows (7c68750cb767cb3a09b091c44c21fb9c)] -> xpath: /html[1]/body[1]/div[1]/div[1]/div[1]/div[1]/div[1]/div[2]/div[2]/form[1]/div[3]/button[1]]
2023-12-18 17:12:86 INFO  AdminPage :25 - Click on Admin [[ChromeDriver: chrome on windows (7c68750cb767cb3a09b091c44c21fb9c)] -> xpath: /html[1]/body[1]/div[1]/div[1]/div[1]/aside[1]/nav[1]/div[2]/ul[1]/li[1]/a[1]]
2023-12-18 17:12:678 INFO  HomePage :27 - Enter username [[ChromeDriver: chrome on windows (70b5349da96fdd975090f29f99ed955b)] -> xpath: /html[1]/body[1]/div[1]/div[1]/div[1]/div[1]/div[1]/div[2]/div[2]/form[1]/div[1]/div[1]/div[2]/input[1]]
2023-12-18 17:12:874 INFO  HomePage :34 - Enter password [[ChromeDriver: chrome on windows (70b5349da96fdd975090f29f99ed955b)] -> xpath: /html[1]/body[1]/div[1]/div[1]/div[1]/div[1]/div[1]/div[2]/div[2]/form[1]/div[2]/div[1]/div[2]/input[1]]
2023-12-18 17:12:111 INFO  HomePage :40 - Click On login Button [[ChromeDriver: chrome on windows (70b5349da96fdd975090f29f99ed955b)] -> xpath: /html[1]/body[1]/div[1]/div[1]/div[1]/div[1]/div[1]/div[2]/div[2]/form[1]/div[3]/button[1]]
2023-12-18 17:12:540 INFO  AdminPage :25 - Click on Admin [[ChromeDriver: chrome on windows (70b5349da96fdd975090f29f99ed955b)] -> xpath: /html[1]/body[1]/div[1]/div[1]/div[1]/aside[1]/nav[1]/div[2]/ul[1]/li[1]/a[1]]
2023-12-18 17:12:265 INFO  HomePage :27 - Enter username [[ChromeDriver: chrome on windows (6f60e8da8c007eefa29da8900c3bd1d8)] -> xpath: /html[1]/body[1]/div[1]/div[1]/div[1]/div[1]/div[1]/div[2]/div[2]/form[1]/div[1]/div[1]/div[2]/input[1]]
2023-12-18 17:12:529 INFO  HomePage :34 - Enter password [[ChromeDriver: chrome on windows (6f60e8da8c007eefa29da8900c3bd1d8)] -> xpath: /html[1]/body[1]/div[1]/div[1]/div[1]/div[1]/div[1]/div[2]/div[2]/form[1]/div[2]/div[1]/div[2]/input[1]]
2023-12-18 17:12:752 INFO  HomePage :40 - Click On login Button [[ChromeDriver: chrome on windows (6f60e8da8c007eefa29da8900c3bd1d8)] -> xpath: /html[1]/body[1]/div[1]/div[1]/div[1]/div[1]/div[1]/div[2]/div[2]/form[1]/div[3]/button[1]]
2023-12-18 17:12:234 INFO  AdminPage :25 - Click on Admin [[ChromeDriver: chrome on windows (6f60e8da8c007eefa29da8900c3bd1d8)] -> xpath: /html[1]/body[1]/div[1]/div[1]/div[1]/aside[1]/nav[1]/div[2]/ul[1]/li[1]/a[1]]
2023-12-18 17:12:694 INFO  HomePage :27 - Enter username [[ChromeDriver: chrome on windows (00fe9d6b4ea7efdb239b56550fab8d3b)] -> xpath: /html[1]/body[1]/div[1]/div[1]/div[1]/div[1]/div[1]/div[2]/div[2]/form[1]/div[1]/div[1]/div[2]/input[1]]
2023-12-18 17:12:895 INFO  HomePage :34 - Enter password [[ChromeDriver: chrome on windows (00fe9d6b4ea7efdb239b56550fab8d3b)] -> xpath: /html[1]/body[1]/div[1]/div[1]/div[1]/div[1]/div[1]/div[2]/div[2]/form[1]/div[2]/div[1]/div[2]/input[1]]
2023-12-18 17:12:82 INFO  HomePage :40 - Click On login Button [[ChromeDriver: chrome on windows (00fe9d6b4ea7efdb239b56550fab8d3b)] -> xpath: /html[1]/body[1]/div[1]/div[1]/div[1]/div[1]/div[1]/div[2]/div[2]/form[1]/div[3]/button[1]]
2023-12-18 17:12:199 INFO  AdminPage :25 - Click on Admin [[ChromeDriver: chrome on windows (00fe9d6b4ea7efdb239b56550fab8d3b)] -> xpath: /html[1]/body[1]/div[1]/div[1]/div[1]/aside[1]/nav[1]/div[2]/ul[1]/li[1]/a[1]]
2023-12-18 17:12:377 INFO  HomePage :27 - Enter username [[ChromeDriver: chrome on windows (c6ace7e2d7404df65816b0105cbc3fc3)] -> xpath: /html[1]/body[1]/div[1]/div[1]/div[1]/div[1]/div[1]/div[2]/div[2]/form[1]/div[1]/div[1]/div[2]/input[1]]
2023-12-18 17:12:510 INFO  HomePage :34 - Enter password [[ChromeDriver: chrome on windows (c6ace7e2d7404df65816b0105cbc3fc3)] -> xpath: /html[1]/body[1]/div[1]/div[1]/div[1]/div[1]/div[1]/div[2]/div[2]/form[1]/div[2]/div[1]/div[2]/input[1]]
2023-12-18 17:12:661 INFO  HomePage :40 - Click On login Button [[ChromeDriver: chrome on windows (c6ace7e2d7404df65816b0105cbc3fc3)] -> xpath: /html[1]/body[1]/div[1]/div[1]/div[1]/div[1]/div[1]/div[2]/div[2]/form[1]/div[3]/button[1]]
2023-12-18 17:12:113 INFO  AdminPage :25 - Click on Admin [[ChromeDriver: chrome on windows (c6ace7e2d7404df65816b0105cbc3fc3)] -> xpath: /html[1]/body[1]/div[1]/div[1]/div[1]/aside[1]/nav[1]/div[2]/ul[1]/li[1]/a[1]]
2023-12-18 17:12:390 INFO  HomePage :27 - Enter username [[ChromeDriver: chrome on windows (09a05b910d87fa35aaaf799758ea99f0)] -> xpath: /html[1]/body[1]/div[1]/div[1]/div[1]/div[1]/div[1]/div[2]/div[2]/form[1]/div[1]/div[1]/div[2]/input[1]]
2023-12-18 17:12:555 INFO  HomePage :34 - Enter password [[ChromeDriver: chrome on windows (09a05b910d87fa35aaaf799758ea99f0)] -> xpath: /html[1]/body[1]/div[1]/div[1]/div[1]/div[1]/div[1]/div[2]/div[2]/form[1]/div[2]/div[1]/div[2]/input[1]]
2023-12-18 17:12:765 INFO  HomePage :40 - Click On login Button [[ChromeDriver: chrome on windows (09a05b910d87fa35aaaf799758ea99f0)] -> xpath: /html[1]/body[1]/div[1]/div[1]/div[1]/div[1]/div[1]/div[2]/div[2]/form[1]/div[3]/button[1]]
2023-12-18 17:12:101 INFO  HomePage :27 - Enter username [[ChromeDriver: chrome on windows (bb5dfcee6654c62951116fa43e4b4054)] -> xpath: /html[1]/body[1]/div[1]/div[1]/div[1]/div[1]/div[1]/div[2]/div[2]/form[1]/div[1]/div[1]/div[2]/input[1]]
2023-12-18 17:12:460 INFO  HomePage :34 - Enter password [[ChromeDriver: chrome on windows (bb5dfcee6654c62951116fa43e4b4054)] -> xpath: /html[1]/body[1]/div[1]/div[1]/div[1]/div[1]/div[1]/div[2]/div[2]/form[1]/div[2]/div[1]/div[2]/input[1]]
2023-12-18 17:12:752 INFO  HomePage :40 - Click On login Button [[ChromeDriver: chrome on windows (bb5dfcee6654c62951116fa43e4b4054)] -> xpath: /html[1]/body[1]/div[1]/div[1]/div[1]/div[1]/div[1]/div[2]/div[2]/form[1]/div[3]/button[1]]
2023-12-18 17:12:530 INFO  DashboardPage :27 - Enter Profile Photo [[ChromeDriver: chrome on windows (bb5dfcee6654c62951116fa43e4b4054)] -> xpath: (//img[@class='oxd-userdropdown-img'])[1]]
2023-12-18 17:12:769 INFO  DashboardPage :31 - Click On logout [[ChromeDriver: chrome on windows (bb5dfcee6654c62951116fa43e4b4054)] -> xpath: (//a[normalize-space()='Logout'])[1]]
2023-12-18 17:12:36 INFO  DashboardPage :35 - Getting loginpanel [[ChromeDriver: chrome on windows (bb5dfcee6654c62951116fa43e4b4054)] -> xpath: (//h5[normalize-space()='Login'])[1]]
2023-12-18 17:12:897 INFO  HomePage :27 - Enter username [[ChromeDriver: chrome on windows (c5ee643fe57b1e7797c322a0b512eeee)] -> xpath: /html[1]/body[1]/div[1]/div[1]/div[1]/div[1]/div[1]/div[2]/div[2]/form[1]/div[1]/div[1]/div[2]/input[1]]
2023-12-18 17:12:37 INFO  HomePage :34 - Enter password [[ChromeDriver: chrome on windows (c5ee643fe57b1e7797c322a0b512eeee)] -> xpath: /html[1]/body[1]/div[1]/div[1]/div[1]/div[1]/div[1]/div[2]/div[2]/form[1]/div[2]/div[1]/div[2]/input[1]]
2023-12-18 17:12:244 INFO  HomePage :40 - Click On login Button [[ChromeDriver: chrome on windows (c5ee643fe57b1e7797c322a0b512eeee)] -> xpath: /html[1]/body[1]/div[1]/div[1]/div[1]/div[1]/div[1]/div[2]/div[2]/form[1]/div[3]/button[1]]
2023-12-18 17:12:893 INFO  AdminPage :25 - Click on Admin [[ChromeDriver: chrome on windows (c5ee643fe57b1e7797c322a0b512eeee)] -> xpath: /html[1]/body[1]/div[1]/div[1]/div[1]/aside[1]/nav[1]/div[2]/ul[1]/li[1]/a[1]]
2023-12-18 17:12:550 INFO  HomePage :27 - Enter username [[ChromeDriver: chrome on windows (ad23335bca374cfc980abc3fed811368)] -> xpath: /html[1]/body[1]/div[1]/div[1]/div[1]/div[1]/div[1]/div[2]/div[2]/form[1]/div[1]/div[1]/div[2]/input[1]]
2023-12-18 17:12:708 INFO  HomePage :34 - Enter password [[ChromeDriver: chrome on windows (ad23335bca374cfc980abc3fed811368)] -> xpath: /html[1]/body[1]/div[1]/div[1]/div[1]/div[1]/div[1]/div[2]/div[2]/form[1]/div[2]/div[1]/div[2]/input[1]]
2023-12-18 17:12:921 INFO  HomePage :40 - Click On login Button [[ChromeDriver: chrome on windows (ad23335bca374cfc980abc3fed811368)] -> xpath: /html[1]/body[1]/div[1]/div[1]/div[1]/div[1]/div[1]/div[2]/div[2]/form[1]/div[3]/button[1]]
2023-12-18 17:12:112 INFO  AdminPage :25 - Click on Admin [[ChromeDriver: chrome on windows (ad23335bca374cfc980abc3fed811368)] -> xpath: /html[1]/body[1]/div[1]/div[1]/div[1]/aside[1]/nav[1]/div[2]/ul[1]/li[1]/a[1]]
2023-12-18 17:12:669 INFO  HomePage :27 - Enter username [[ChromeDriver: chrome on windows (401501acc4c8ebe4fd9279dde56ad247)] -> xpath: /html[1]/body[1]/div[1]/div[1]/div[1]/div[1]/div[1]/div[2]/div[2]/form[1]/div[1]/div[1]/div[2]/input[1]]
2023-12-18 17:12:862 INFO  HomePage :34 - Enter password [[ChromeDriver: chrome on windows (401501acc4c8ebe4fd9279dde56ad247)] -> xpath: /html[1]/body[1]/div[1]/div[1]/div[1]/div[1]/div[1]/div[2]/div[2]/form[1]/div[2]/div[1]/div[2]/input[1]]
2023-12-18 17:12:78 INFO  HomePage :40 - Click On login Button [[ChromeDriver: chrome on windows (401501acc4c8ebe4fd9279dde56ad247)] -> xpath: /html[1]/body[1]/div[1]/div[1]/div[1]/div[1]/div[1]/div[2]/div[2]/form[1]/div[3]/button[1]]
2023-12-18 17:12:376 INFO  AdminPage :25 - Click on Admin [[ChromeDriver: chrome on windows (401501acc4c8ebe4fd9279dde56ad247)] -> xpath: /html[1]/body[1]/div[1]/div[1]/div[1]/aside[1]/nav[1]/div[2]/ul[1]/li[1]/a[1]]
2023-12-18 17:12:37 INFO  HomePage :27 - Enter username [[ChromeDriver: chrome on windows (626c82f564cdd0f26ddf8675eaf4610d)] -> xpath: /html[1]/body[1]/div[1]/div[1]/div[1]/div[1]/div[1]/div[2]/div[2]/form[1]/div[1]/div[1]/div[2]/input[1]]
2023-12-18 17:12:199 INFO  HomePage :34 - Enter password [[ChromeDriver: chrome on windows (626c82f564cdd0f26ddf8675eaf4610d)] -> xpath: /html[1]/body[1]/div[1]/div[1]/div[1]/div[1]/div[1]/div[2]/div[2]/form[1]/div[2]/div[1]/div[2]/input[1]]
2023-12-18 17:12:393 INFO  HomePage :40 - Click On login Button [[ChromeDriver: chrome on windows (626c82f564cdd0f26ddf8675eaf4610d)] -> xpath: /html[1]/body[1]/div[1]/div[1]/div[1]/div[1]/div[1]/div[2]/div[2]/form[1]/div[3]/button[1]]
2023-12-18 17:12:429 INFO  AdminPage :25 - Click on Admin [[ChromeDriver: chrome on windows (626c82f564cdd0f26ddf8675eaf4610d)] -> xpath: /html[1]/body[1]/div[1]/div[1]/div[1]/aside[1]/nav[1]/div[2]/ul[1]/li[1]/a[1]]
2023-12-18 17:12:547 INFO  HomePage :27 - Enter username [[ChromeDriver: chrome on windows (ef5848bdcf4248e0b60b5460dc9fc05a)] -> xpath: /html[1]/body[1]/div[1]/div[1]/div[1]/div[1]/div[1]/div[2]/div[2]/form[1]/div[1]/div[1]/div[2]/input[1]]
2023-12-18 17:12:734 INFO  HomePage :34 - Enter password [[ChromeDriver: chrome on windows (ef5848bdcf4248e0b60b5460dc9fc05a)] -> xpath: /html[1]/body[1]/div[1]/div[1]/div[1]/div[1]/div[1]/div[2]/div[2]/form[1]/div[2]/div[1]/div[2]/input[1]]
2023-12-18 17:12:951 INFO  HomePage :40 - Click On login Button [[ChromeDriver: chrome on windows (ef5848bdcf4248e0b60b5460dc9fc05a)] -> xpath: /html[1]/body[1]/div[1]/div[1]/div[1]/div[1]/div[1]/div[2]/div[2]/form[1]/div[3]/button[1]]
2023-12-18 17:12:169 INFO  AdminPage :25 - Click on Admin [[ChromeDriver: chrome on windows (ef5848bdcf4248e0b60b5460dc9fc05a)] -> xpath: /html[1]/body[1]/div[1]/div[1]/div[1]/aside[1]/nav[1]/div[2]/ul[1]/li[1]/a[1]]
2023-12-18 17:12:261 INFO  HomePage :27 - Enter username [[ChromeDriver: chrome on windows (c4683a1c6c951a73ae8cac4d7294cc4f)] -> xpath: /html[1]/body[1]/div[1]/div[1]/div[1]/div[1]/div[1]/div[2]/div[2]/form[1]/div[1]/div[1]/div[2]/input[1]]
2023-12-18 17:12:545 INFO  HomePage :34 - Enter password [[ChromeDriver: chrome on windows (c4683a1c6c951a73ae8cac4d7294cc4f)] -> xpath: /html[1]/body[1]/div[1]/div[1]/div[1]/div[1]/div[1]/div[2]/div[2]/form[1]/div[2]/div[1]/div[2]/input[1]]
2023-12-18 17:12:793 INFO  HomePage :40 - Click On login Button [[ChromeDriver: chrome on windows (c4683a1c6c951a73ae8cac4d7294cc4f)] -> xpath: /html[1]/body[1]/div[1]/div[1]/div[1]/div[1]/div[1]/div[2]/div[2]/form[1]/div[3]/button[1]]
2023-12-18 17:12:224 INFO  AdminPage :25 - Click on Admin [[ChromeDriver: chrome on windows (c4683a1c6c951a73ae8cac4d7294cc4f)] -> xpath: /html[1]/body[1]/div[1]/div[1]/div[1]/aside[1]/nav[1]/div[2]/ul[1]/li[1]/a[1]]
2023-12-18 19:12:825 INFO  HomePage :27 - Enter username [[ChromeDriver: chrome on windows (abc42485ebbb165a66d0762e887c39b3)] -> xpath: /html[1]/body[1]/div[1]/div[1]/div[1]/div[1]/div[1]/div[2]/div[2]/form[1]/div[1]/div[1]/div[2]/input[1]]
2023-12-18 19:12:985 INFO  HomePage :34 - Enter password [[ChromeDriver: chrome on windows (abc42485ebbb165a66d0762e887c39b3)] -> xpath: /html[1]/body[1]/div[1]/div[1]/div[1]/div[1]/div[1]/div[2]/div[2]/form[1]/div[2]/div[1]/div[2]/input[1]]
2023-12-18 19:12:139 INFO  HomePage :40 - Click On login Button [[ChromeDriver: chrome on windows (abc42485ebbb165a66d0762e887c39b3)] -> xpath: /html[1]/body[1]/div[1]/div[1]/div[1]/div[1]/div[1]/div[2]/div[2]/form[1]/div[3]/button[1]]
2023-12-18 19:12:803 INFO  HomePage :27 - Enter username [[ChromeDriver: chrome on windows (a38b4c875017ef7adb184260969e528c)] -> xpath: /html[1]/body[1]/div[1]/div[1]/div[1]/div[1]/div[1]/div[2]/div[2]/form[1]/div[1]/div[1]/div[2]/input[1]]
2023-12-18 19:12:943 INFO  HomePage :34 - Enter password [[ChromeDriver: chrome on windows (a38b4c875017ef7adb184260969e528c)] -> xpath: /html[1]/body[1]/div[1]/div[1]/div[1]/div[1]/div[1]/div[2]/div[2]/form[1]/div[2]/div[1]/div[2]/input[1]]
2023-12-18 19:12:70 INFO  HomePage :40 - Click On login Button [[ChromeDriver: chrome on windows (a38b4c875017ef7adb184260969e528c)] -> xpath: /html[1]/body[1]/div[1]/div[1]/div[1]/div[1]/div[1]/div[2]/div[2]/form[1]/div[3]/button[1]]
2023-12-18 19:12:70 INFO  DashboardPage :27 - Enter Profile Photo [[ChromeDriver: chrome on windows (a38b4c875017ef7adb184260969e528c)] -> xpath: (//img[@class='oxd-userdropdown-img'])[1]]
2023-12-18 19:12:696 INFO  DashboardPage :31 - Click On logout [[ChromeDriver: chrome on windows (a38b4c875017ef7adb184260969e528c)] -> xpath: (//a[normalize-space()='Logout'])[1]]
2023-12-18 19:12:916 INFO  DashboardPage :35 - Getting loginpanel [[ChromeDriver: chrome on windows (a38b4c875017ef7adb184260969e528c)] -> xpath: (//h5[normalize-space()='Login'])[1]]
2023-12-18 19:12:441 INFO  HomePage :27 - Enter username [[ChromeDriver: chrome on windows (ef2f7199681342da0392481a47f167d0)] -> xpath: /html[1]/body[1]/div[1]/div[1]/div[1]/div[1]/div[1]/div[2]/div[2]/form[1]/div[1]/div[1]/div[2]/input[1]]
2023-12-18 19:12:560 INFO  HomePage :34 - Enter password [[ChromeDriver: chrome on windows (ef2f7199681342da0392481a47f167d0)] -> xpath: /html[1]/body[1]/div[1]/div[1]/div[1]/div[1]/div[1]/div[2]/div[2]/form[1]/div[2]/div[1]/div[2]/input[1]]
2023-12-18 19:12:631 INFO  HomePage :40 - Click On login Button [[ChromeDriver: chrome on windows (ef2f7199681342da0392481a47f167d0)] -> xpath: /html[1]/body[1]/div[1]/div[1]/div[1]/div[1]/div[1]/div[2]/div[2]/form[1]/div[3]/button[1]]
2023-12-18 19:12:93 INFO  HomePage :43 - Getting error message Proxy element for: DefaultElementLocator 'By.xpath: (//span[@class='oxd-text oxd-text--span oxd-input-field-error-message oxd-input-group__message'][normalize-space()='Required'])[1]'
2023-12-18 19:12:946 INFO  HomePage :27 - Enter username [[ChromeDriver: chrome on windows (0e8aae73fe994f6be7b7528ec2fcb5bd)] -> xpath: /html[1]/body[1]/div[1]/div[1]/div[1]/div[1]/div[1]/div[2]/div[2]/form[1]/div[1]/div[1]/div[2]/input[1]]
2023-12-18 19:12:69 INFO  HomePage :34 - Enter password [[ChromeDriver: chrome on windows (0e8aae73fe994f6be7b7528ec2fcb5bd)] -> xpath: /html[1]/body[1]/div[1]/div[1]/div[1]/div[1]/div[1]/div[2]/div[2]/form[1]/div[2]/div[1]/div[2]/input[1]]
2023-12-18 19:12:136 INFO  HomePage :40 - Click On login Button [[ChromeDriver: chrome on windows (0e8aae73fe994f6be7b7528ec2fcb5bd)] -> xpath: /html[1]/body[1]/div[1]/div[1]/div[1]/div[1]/div[1]/div[2]/div[2]/form[1]/div[3]/button[1]]
2023-12-18 19:12:644 INFO  HomePage :43 - Getting error message Proxy element for: DefaultElementLocator 'By.xpath: (//span[@class='oxd-text oxd-text--span oxd-input-field-error-message oxd-input-group__message'][normalize-space()='Required'])[1]'
2023-12-18 19:12:124 INFO  HomePage :27 - Enter username [[ChromeDriver: chrome on windows (38b0c2ba02091b58df990737f75350ff)] -> xpath: /html[1]/body[1]/div[1]/div[1]/div[1]/div[1]/div[1]/div[2]/div[2]/form[1]/div[1]/div[1]/div[2]/input[1]]
2023-12-18 19:12:235 INFO  HomePage :34 - Enter password [[ChromeDriver: chrome on windows (38b0c2ba02091b58df990737f75350ff)] -> xpath: /html[1]/body[1]/div[1]/div[1]/div[1]/div[1]/div[1]/div[2]/div[2]/form[1]/div[2]/div[1]/div[2]/input[1]]
2023-12-18 19:12:314 INFO  HomePage :40 - Click On login Button [[ChromeDriver: chrome on windows (38b0c2ba02091b58df990737f75350ff)] -> xpath: /html[1]/body[1]/div[1]/div[1]/div[1]/div[1]/div[1]/div[2]/div[2]/form[1]/div[3]/button[1]]
2023-12-18 19:12:771 INFO  HomePage :43 - Getting error message Proxy element for: DefaultElementLocator 'By.xpath: (//span[@class='oxd-text oxd-text--span oxd-input-field-error-message oxd-input-group__message'][normalize-space()='Required'])[1]'
2023-12-18 19:12:207 INFO  HomePage :27 - Enter username [[ChromeDriver: chrome on windows (92f3e240cc86ee868096b8fc8914c7bd)] -> xpath: /html[1]/body[1]/div[1]/div[1]/div[1]/div[1]/div[1]/div[2]/div[2]/form[1]/div[1]/div[1]/div[2]/input[1]]
2023-12-18 19:12:327 INFO  HomePage :34 - Enter password [[ChromeDriver: chrome on windows (92f3e240cc86ee868096b8fc8914c7bd)] -> xpath: /html[1]/body[1]/div[1]/div[1]/div[1]/div[1]/div[1]/div[2]/div[2]/form[1]/div[2]/div[1]/div[2]/input[1]]
2023-12-18 19:12:396 INFO  HomePage :40 - Click On login Button [[ChromeDriver: chrome on windows (92f3e240cc86ee868096b8fc8914c7bd)] -> xpath: /html[1]/body[1]/div[1]/div[1]/div[1]/div[1]/div[1]/div[2]/div[2]/form[1]/div[3]/button[1]]
2023-12-18 19:12:827 INFO  HomePage :43 - Getting error message Proxy element for: DefaultElementLocator 'By.xpath: (//span[@class='oxd-text oxd-text--span oxd-input-field-error-message oxd-input-group__message'][normalize-space()='Required'])[1]'
2023-12-18 19:12:528 INFO  HomePage :27 - Enter username [[ChromeDriver: chrome on windows (a6e8baa325ca2bd895b5af83c5f64ade)] -> xpath: /html[1]/body[1]/div[1]/div[1]/div[1]/div[1]/div[1]/div[2]/div[2]/form[1]/div[1]/div[1]/div[2]/input[1]]
2023-12-18 19:12:625 INFO  HomePage :34 - Enter password [[ChromeDriver: chrome on windows (a6e8baa325ca2bd895b5af83c5f64ade)] -> xpath: /html[1]/body[1]/div[1]/div[1]/div[1]/div[1]/div[1]/div[2]/div[2]/form[1]/div[2]/div[1]/div[2]/input[1]]
2023-12-18 19:12:720 INFO  HomePage :40 - Click On login Button [[ChromeDriver: chrome on windows (a6e8baa325ca2bd895b5af83c5f64ade)] -> xpath: /html[1]/body[1]/div[1]/div[1]/div[1]/div[1]/div[1]/div[2]/div[2]/form[1]/div[3]/button[1]]
2023-12-18 19:12:753 INFO  AdminPage :25 - Click on Admin [[ChromeDriver: chrome on windows (a6e8baa325ca2bd895b5af83c5f64ade)] -> xpath: /html[1]/body[1]/div[1]/div[1]/div[1]/aside[1]/nav[1]/div[2]/ul[1]/li[1]/a[1]]
2023-12-18 19:12:224 INFO  HomePage :27 - Enter username [[ChromeDriver: chrome on windows (3f42016a02b5588f2c2aeb9a6132f347)] -> xpath: /html[1]/body[1]/div[1]/div[1]/div[1]/div[1]/div[1]/div[2]/div[2]/form[1]/div[1]/div[1]/div[2]/input[1]]
2023-12-18 19:12:297 INFO  HomePage :34 - Enter password [[ChromeDriver: chrome on windows (3f42016a02b5588f2c2aeb9a6132f347)] -> xpath: /html[1]/body[1]/div[1]/div[1]/div[1]/div[1]/div[1]/div[2]/div[2]/form[1]/div[2]/div[1]/div[2]/input[1]]
2023-12-18 19:12:403 INFO  HomePage :40 - Click On login Button [[ChromeDriver: chrome on windows (3f42016a02b5588f2c2aeb9a6132f347)] -> xpath: /html[1]/body[1]/div[1]/div[1]/div[1]/div[1]/div[1]/div[2]/div[2]/form[1]/div[3]/button[1]]
2023-12-18 19:12:359 INFO  AdminPage :25 - Click on Admin [[ChromeDriver: chrome on windows (3f42016a02b5588f2c2aeb9a6132f347)] -> xpath: /html[1]/body[1]/div[1]/div[1]/div[1]/aside[1]/nav[1]/div[2]/ul[1]/li[1]/a[1]]
2023-12-18 19:12:852 INFO  HomePage :27 - Enter username [[ChromeDriver: chrome on windows (3a67d50979cf2e3b2cf07ce63ef8f96e)] -> xpath: /html[1]/body[1]/div[1]/div[1]/div[1]/div[1]/div[1]/div[2]/div[2]/form[1]/div[1]/div[1]/div[2]/input[1]]
2023-12-18 19:12:942 INFO  HomePage :34 - Enter password [[ChromeDriver: chrome on windows (3a67d50979cf2e3b2cf07ce63ef8f96e)] -> xpath: /html[1]/body[1]/div[1]/div[1]/div[1]/div[1]/div[1]/div[2]/div[2]/form[1]/div[2]/div[1]/div[2]/input[1]]
2023-12-18 19:12:36 INFO  HomePage :40 - Click On login Button [[ChromeDriver: chrome on windows (3a67d50979cf2e3b2cf07ce63ef8f96e)] -> xpath: /html[1]/body[1]/div[1]/div[1]/div[1]/div[1]/div[1]/div[2]/div[2]/form[1]/div[3]/button[1]]
2023-12-18 19:12:922 INFO  AdminPage :25 - Click on Admin [[ChromeDriver: chrome on windows (3a67d50979cf2e3b2cf07ce63ef8f96e)] -> xpath: /html[1]/body[1]/div[1]/div[1]/div[1]/aside[1]/nav[1]/div[2]/ul[1]/li[1]/a[1]]
2023-12-18 19:12:994 INFO  HomePage :27 - Enter username [[ChromeDriver: chrome on windows (ddf64d306e00d0e7abe8d4b28c657477)] -> xpath: /html[1]/body[1]/div[1]/div[1]/div[1]/div[1]/div[1]/div[2]/div[2]/form[1]/div[1]/div[1]/div[2]/input[1]]
2023-12-18 19:12:73 INFO  HomePage :34 - Enter password [[ChromeDriver: chrome on windows (ddf64d306e00d0e7abe8d4b28c657477)] -> xpath: /html[1]/body[1]/div[1]/div[1]/div[1]/div[1]/div[1]/div[2]/div[2]/form[1]/div[2]/div[1]/div[2]/input[1]]
2023-12-18 19:12:156 INFO  HomePage :40 - Click On login Button [[ChromeDriver: chrome on windows (ddf64d306e00d0e7abe8d4b28c657477)] -> xpath: /html[1]/body[1]/div[1]/div[1]/div[1]/div[1]/div[1]/div[2]/div[2]/form[1]/div[3]/button[1]]
2023-12-18 19:12:146 INFO  AdminPage :25 - Click on Admin [[ChromeDriver: chrome on windows (ddf64d306e00d0e7abe8d4b28c657477)] -> xpath: /html[1]/body[1]/div[1]/div[1]/div[1]/aside[1]/nav[1]/div[2]/ul[1]/li[1]/a[1]]
2023-12-18 19:12:320 INFO  HomePage :27 - Enter username [[ChromeDriver: chrome on windows (72388b7da4310278169d2266983fdaad)] -> xpath: /html[1]/body[1]/div[1]/div[1]/div[1]/div[1]/div[1]/div[2]/div[2]/form[1]/div[1]/div[1]/div[2]/input[1]]
2023-12-18 19:12:380 INFO  HomePage :34 - Enter password [[ChromeDriver: chrome on windows (72388b7da4310278169d2266983fdaad)] -> xpath: /html[1]/body[1]/div[1]/div[1]/div[1]/div[1]/div[1]/div[2]/div[2]/form[1]/div[2]/div[1]/div[2]/input[1]]
2023-12-18 19:12:456 INFO  HomePage :40 - Click On login Button [[ChromeDriver: chrome on windows (72388b7da4310278169d2266983fdaad)] -> xpath: /html[1]/body[1]/div[1]/div[1]/div[1]/div[1]/div[1]/div[2]/div[2]/form[1]/div[3]/button[1]]
2023-12-18 19:12:467 INFO  AdminPage :25 - Click on Admin [[ChromeDriver: chrome on windows (72388b7da4310278169d2266983fdaad)] -> xpath: /html[1]/body[1]/div[1]/div[1]/div[1]/aside[1]/nav[1]/div[2]/ul[1]/li[1]/a[1]]
2023-12-18 19:12:358 INFO  HomePage :27 - Enter username [[ChromeDriver: chrome on windows (92130fa208fec233ec0834e7d4dba33b)] -> xpath: /html[1]/body[1]/div[1]/div[1]/div[1]/div[1]/div[1]/div[2]/div[2]/form[1]/div[1]/div[1]/div[2]/input[1]]
2023-12-18 19:12:438 INFO  HomePage :34 - Enter password [[ChromeDriver: chrome on windows (92130fa208fec233ec0834e7d4dba33b)] -> xpath: /html[1]/body[1]/div[1]/div[1]/div[1]/div[1]/div[1]/div[2]/div[2]/form[1]/div[2]/div[1]/div[2]/input[1]]
2023-12-18 19:12:523 INFO  HomePage :40 - Click On login Button [[ChromeDriver: chrome on windows (92130fa208fec233ec0834e7d4dba33b)] -> xpath: /html[1]/body[1]/div[1]/div[1]/div[1]/div[1]/div[1]/div[2]/div[2]/form[1]/div[3]/button[1]]
2023-12-18 19:12:466 INFO  AdminPage :25 - Click on Admin [[ChromeDriver: chrome on windows (92130fa208fec233ec0834e7d4dba33b)] -> xpath: /html[1]/body[1]/div[1]/div[1]/div[1]/aside[1]/nav[1]/div[2]/ul[1]/li[1]/a[1]]
2023-12-19 17:12:284 INFO  HomePage :27 - Enter username [[ChromeDriver: chrome on windows (80e65de19f41e326a96c525861a0616d)] -> xpath: /html[1]/body[1]/div[1]/div[1]/div[1]/div[1]/div[1]/div[2]/div[2]/form[1]/div[1]/div[1]/div[2]/input[1]]
2023-12-19 17:12:469 INFO  HomePage :34 - Enter password [[ChromeDriver: chrome on windows (80e65de19f41e326a96c525861a0616d)] -> xpath: /html[1]/body[1]/div[1]/div[1]/div[1]/div[1]/div[1]/div[2]/div[2]/form[1]/div[2]/div[1]/div[2]/input[1]]
2023-12-19 17:12:667 INFO  HomePage :40 - Click On login Button [[ChromeDriver: chrome on windows (80e65de19f41e326a96c525861a0616d)] -> xpath: /html[1]/body[1]/div[1]/div[1]/div[1]/div[1]/div[1]/div[2]/div[2]/form[1]/div[3]/button[1]]
2023-12-19 17:12:156 INFO  HomePage :27 - Enter username [[ChromeDriver: chrome on windows (7237019beff1c69371ebb9c389052761)] -> xpath: /html[1]/body[1]/div[1]/div[1]/div[1]/div[1]/div[1]/div[2]/div[2]/form[1]/div[1]/div[1]/div[2]/input[1]]
2023-12-19 17:12:331 INFO  HomePage :34 - Enter password [[ChromeDriver: chrome on windows (7237019beff1c69371ebb9c389052761)] -> xpath: /html[1]/body[1]/div[1]/div[1]/div[1]/div[1]/div[1]/div[2]/div[2]/form[1]/div[2]/div[1]/div[2]/input[1]]
2023-12-19 17:12:612 INFO  HomePage :40 - Click On login Button [[ChromeDriver: chrome on windows (7237019beff1c69371ebb9c389052761)] -> xpath: /html[1]/body[1]/div[1]/div[1]/div[1]/div[1]/div[1]/div[2]/div[2]/form[1]/div[3]/button[1]]
2023-12-19 17:12:106 INFO  DashboardPage :27 - Enter Profile Photo [[ChromeDriver: chrome on windows (7237019beff1c69371ebb9c389052761)] -> xpath: (//img[@class='oxd-userdropdown-img'])[1]]
2023-12-19 17:12:405 INFO  DashboardPage :31 - Click On logout [[ChromeDriver: chrome on windows (7237019beff1c69371ebb9c389052761)] -> xpath: (//a[normalize-space()='Logout'])[1]]
2023-12-19 17:12:735 INFO  DashboardPage :35 - Getting loginpanel [[ChromeDriver: chrome on windows (7237019beff1c69371ebb9c389052761)] -> xpath: (//h5[normalize-space()='Login'])[1]]
2023-12-19 17:12:245 INFO  HomePage :27 - Enter username [[ChromeDriver: chrome on windows (4de6b76c6c9e556b8c4bb8f2bf229172)] -> xpath: /html[1]/body[1]/div[1]/div[1]/div[1]/div[1]/div[1]/div[2]/div[2]/form[1]/div[1]/div[1]/div[2]/input[1]]
2023-12-19 17:12:496 INFO  HomePage :34 - Enter password [[ChromeDriver: chrome on windows (4de6b76c6c9e556b8c4bb8f2bf229172)] -> xpath: /html[1]/body[1]/div[1]/div[1]/div[1]/div[1]/div[1]/div[2]/div[2]/form[1]/div[2]/div[1]/div[2]/input[1]]
2023-12-19 17:12:733 INFO  HomePage :40 - Click On login Button [[ChromeDriver: chrome on windows (4de6b76c6c9e556b8c4bb8f2bf229172)] -> xpath: /html[1]/body[1]/div[1]/div[1]/div[1]/div[1]/div[1]/div[2]/div[2]/form[1]/div[3]/button[1]]
2023-12-19 17:12:437 INFO  HomePage :43 - Getting error message Proxy element for: DefaultElementLocator 'By.xpath: (//span[@class='oxd-text oxd-text--span oxd-input-field-error-message oxd-input-group__message'][normalize-space()='Required'])[1]'
2023-12-19 17:12:262 INFO  HomePage :27 - Enter username [[ChromeDriver: chrome on windows (d160bf8f6455213cd9dfa1120896845d)] -> xpath: /html[1]/body[1]/div[1]/div[1]/div[1]/div[1]/div[1]/div[2]/div[2]/form[1]/div[1]/div[1]/div[2]/input[1]]
2023-12-19 17:12:499 INFO  HomePage :34 - Enter password [[ChromeDriver: chrome on windows (d160bf8f6455213cd9dfa1120896845d)] -> xpath: /html[1]/body[1]/div[1]/div[1]/div[1]/div[1]/div[1]/div[2]/div[2]/form[1]/div[2]/div[1]/div[2]/input[1]]
2023-12-19 17:12:655 INFO  HomePage :40 - Click On login Button [[ChromeDriver: chrome on windows (d160bf8f6455213cd9dfa1120896845d)] -> xpath: /html[1]/body[1]/div[1]/div[1]/div[1]/div[1]/div[1]/div[2]/div[2]/form[1]/div[3]/button[1]]
2023-12-19 17:12:287 INFO  HomePage :43 - Getting error message Proxy element for: DefaultElementLocator 'By.xpath: (//span[@class='oxd-text oxd-text--span oxd-input-field-error-message oxd-input-group__message'][normalize-space()='Required'])[1]'
2023-12-19 17:12:334 INFO  HomePage :27 - Enter username [[ChromeDriver: chrome on windows (857b603c81570236070fb93841865131)] -> xpath: /html[1]/body[1]/div[1]/div[1]/div[1]/div[1]/div[1]/div[2]/div[2]/form[1]/div[1]/div[1]/div[2]/input[1]]
2023-12-19 17:12:533 INFO  HomePage :34 - Enter password [[ChromeDriver: chrome on windows (857b603c81570236070fb93841865131)] -> xpath: /html[1]/body[1]/div[1]/div[1]/div[1]/div[1]/div[1]/div[2]/div[2]/form[1]/div[2]/div[1]/div[2]/input[1]]
2023-12-19 17:12:745 INFO  HomePage :40 - Click On login Button [[ChromeDriver: chrome on windows (857b603c81570236070fb93841865131)] -> xpath: /html[1]/body[1]/div[1]/div[1]/div[1]/div[1]/div[1]/div[2]/div[2]/form[1]/div[3]/button[1]]
2023-12-19 17:12:34 INFO  HomePage :43 - Getting error message Proxy element for: DefaultElementLocator 'By.xpath: (//span[@class='oxd-text oxd-text--span oxd-input-field-error-message oxd-input-group__message'][normalize-space()='Required'])[1]'
2023-12-19 17:12:407 INFO  HomePage :27 - Enter username [[ChromeDriver: chrome on windows (066dec6bd11c7599e5f6de3134ef686d)] -> xpath: /html[1]/body[1]/div[1]/div[1]/div[1]/div[1]/div[1]/div[2]/div[2]/form[1]/div[1]/div[1]/div[2]/input[1]]
2023-12-19 17:12:938 INFO  HomePage :34 - Enter password [[ChromeDriver: chrome on windows (066dec6bd11c7599e5f6de3134ef686d)] -> xpath: /html[1]/body[1]/div[1]/div[1]/div[1]/div[1]/div[1]/div[2]/div[2]/form[1]/div[2]/div[1]/div[2]/input[1]]
2023-12-19 17:12:44 INFO  HomePage :40 - Click On login Button [[ChromeDriver: chrome on windows (066dec6bd11c7599e5f6de3134ef686d)] -> xpath: /html[1]/body[1]/div[1]/div[1]/div[1]/div[1]/div[1]/div[2]/div[2]/form[1]/div[3]/button[1]]
2023-12-19 17:12:764 INFO  HomePage :43 - Getting error message Proxy element for: DefaultElementLocator 'By.xpath: (//span[@class='oxd-text oxd-text--span oxd-input-field-error-message oxd-input-group__message'][normalize-space()='Required'])[1]'
2023-12-19 17:12:864 INFO  HomePage :27 - Enter username [[ChromeDriver: chrome on windows (763f3d20297bc4cff942dd8b85d0bea9)] -> xpath: /html[1]/body[1]/div[1]/div[1]/div[1]/div[1]/div[1]/div[2]/div[2]/form[1]/div[1]/div[1]/div[2]/input[1]]
2023-12-19 17:12:28 INFO  HomePage :34 - Enter password [[ChromeDriver: chrome on windows (763f3d20297bc4cff942dd8b85d0bea9)] -> xpath: /html[1]/body[1]/div[1]/div[1]/div[1]/div[1]/div[1]/div[2]/div[2]/form[1]/div[2]/div[1]/div[2]/input[1]]
2023-12-19 17:12:181 INFO  HomePage :40 - Click On login Button [[ChromeDriver: chrome on windows (763f3d20297bc4cff942dd8b85d0bea9)] -> xpath: /html[1]/body[1]/div[1]/div[1]/div[1]/div[1]/div[1]/div[2]/div[2]/form[1]/div[3]/button[1]]
2023-12-19 17:12:566 INFO  AdminPage :25 - Click on Admin [[ChromeDriver: chrome on windows (763f3d20297bc4cff942dd8b85d0bea9)] -> xpath: /html[1]/body[1]/div[1]/div[1]/div[1]/aside[1]/nav[1]/div[2]/ul[1]/li[1]/a[1]]
2023-12-19 17:12:637 INFO  HomePage :27 - Enter username [[ChromeDriver: chrome on windows (f2d8158371ebdc91474f71b466834875)] -> xpath: /html[1]/body[1]/div[1]/div[1]/div[1]/div[1]/div[1]/div[2]/div[2]/form[1]/div[1]/div[1]/div[2]/input[1]]
2023-12-19 17:12:791 INFO  HomePage :34 - Enter password [[ChromeDriver: chrome on windows (f2d8158371ebdc91474f71b466834875)] -> xpath: /html[1]/body[1]/div[1]/div[1]/div[1]/div[1]/div[1]/div[2]/div[2]/form[1]/div[2]/div[1]/div[2]/input[1]]
2023-12-19 17:12:975 INFO  HomePage :40 - Click On login Button [[ChromeDriver: chrome on windows (f2d8158371ebdc91474f71b466834875)] -> xpath: /html[1]/body[1]/div[1]/div[1]/div[1]/div[1]/div[1]/div[2]/div[2]/form[1]/div[3]/button[1]]
2023-12-19 17:12:390 INFO  AdminPage :25 - Click on Admin [[ChromeDriver: chrome on windows (f2d8158371ebdc91474f71b466834875)] -> xpath: /html[1]/body[1]/div[1]/div[1]/div[1]/aside[1]/nav[1]/div[2]/ul[1]/li[1]/a[1]]
2023-12-19 17:12:186 INFO  HomePage :27 - Enter username [[ChromeDriver: chrome on windows (6c8a25165bc965d3107a1b8394d6d2f9)] -> xpath: /html[1]/body[1]/div[1]/div[1]/div[1]/div[1]/div[1]/div[2]/div[2]/form[1]/div[1]/div[1]/div[2]/input[1]]
2023-12-19 17:12:325 INFO  HomePage :34 - Enter password [[ChromeDriver: chrome on windows (6c8a25165bc965d3107a1b8394d6d2f9)] -> xpath: /html[1]/body[1]/div[1]/div[1]/div[1]/div[1]/div[1]/div[2]/div[2]/form[1]/div[2]/div[1]/div[2]/input[1]]
2023-12-19 17:12:504 INFO  HomePage :40 - Click On login Button [[ChromeDriver: chrome on windows (6c8a25165bc965d3107a1b8394d6d2f9)] -> xpath: /html[1]/body[1]/div[1]/div[1]/div[1]/div[1]/div[1]/div[2]/div[2]/form[1]/div[3]/button[1]]
2023-12-19 17:12:824 INFO  AdminPage :25 - Click on Admin [[ChromeDriver: chrome on windows (6c8a25165bc965d3107a1b8394d6d2f9)] -> xpath: /html[1]/body[1]/div[1]/div[1]/div[1]/aside[1]/nav[1]/div[2]/ul[1]/li[1]/a[1]]
2023-12-19 17:12:99 INFO  HomePage :27 - Enter username [[ChromeDriver: chrome on windows (4671f243f061b68a8740a29a5e1ef013)] -> xpath: /html[1]/body[1]/div[1]/div[1]/div[1]/div[1]/div[1]/div[2]/div[2]/form[1]/div[1]/div[1]/div[2]/input[1]]
2023-12-19 17:12:282 INFO  HomePage :34 - Enter password [[ChromeDriver: chrome on windows (4671f243f061b68a8740a29a5e1ef013)] -> xpath: /html[1]/body[1]/div[1]/div[1]/div[1]/div[1]/div[1]/div[2]/div[2]/form[1]/div[2]/div[1]/div[2]/input[1]]
2023-12-19 17:12:521 INFO  HomePage :40 - Click On login Button [[ChromeDriver: chrome on windows (4671f243f061b68a8740a29a5e1ef013)] -> xpath: /html[1]/body[1]/div[1]/div[1]/div[1]/div[1]/div[1]/div[2]/div[2]/form[1]/div[3]/button[1]]
2023-12-19 17:12:775 INFO  AdminPage :25 - Click on Admin [[ChromeDriver: chrome on windows (4671f243f061b68a8740a29a5e1ef013)] -> xpath: /html[1]/body[1]/div[1]/div[1]/div[1]/aside[1]/nav[1]/div[2]/ul[1]/li[1]/a[1]]
2023-12-19 17:12:227 INFO  HomePage :27 - Enter username [[ChromeDriver: chrome on windows (a490f2de7e616a837fc2745b2b0ce810)] -> xpath: /html[1]/body[1]/div[1]/div[1]/div[1]/div[1]/div[1]/div[2]/div[2]/form[1]/div[1]/div[1]/div[2]/input[1]]
2023-12-19 17:12:362 INFO  HomePage :34 - Enter password [[ChromeDriver: chrome on windows (a490f2de7e616a837fc2745b2b0ce810)] -> xpath: /html[1]/body[1]/div[1]/div[1]/div[1]/div[1]/div[1]/div[2]/div[2]/form[1]/div[2]/div[1]/div[2]/input[1]]
2023-12-19 17:12:538 INFO  HomePage :40 - Click On login Button [[ChromeDriver: chrome on windows (a490f2de7e616a837fc2745b2b0ce810)] -> xpath: /html[1]/body[1]/div[1]/div[1]/div[1]/div[1]/div[1]/div[2]/div[2]/form[1]/div[3]/button[1]]
2023-12-19 17:12:884 INFO  AdminPage :25 - Click on Admin [[ChromeDriver: chrome on windows (a490f2de7e616a837fc2745b2b0ce810)] -> xpath: /html[1]/body[1]/div[1]/div[1]/div[1]/aside[1]/nav[1]/div[2]/ul[1]/li[1]/a[1]]
2023-12-19 17:12:386 INFO  HomePage :27 - Enter username [[ChromeDriver: chrome on windows (49ef051b23da3c410171c89f6fd55c35)] -> xpath: /html[1]/body[1]/div[1]/div[1]/div[1]/div[1]/div[1]/div[2]/div[2]/form[1]/div[1]/div[1]/div[2]/input[1]]
2023-12-19 17:12:539 INFO  HomePage :34 - Enter password [[ChromeDriver: chrome on windows (49ef051b23da3c410171c89f6fd55c35)] -> xpath: /html[1]/body[1]/div[1]/div[1]/div[1]/div[1]/div[1]/div[2]/div[2]/form[1]/div[2]/div[1]/div[2]/input[1]]
2023-12-19 17:12:737 INFO  HomePage :40 - Click On login Button [[ChromeDriver: chrome on windows (49ef051b23da3c410171c89f6fd55c35)] -> xpath: /html[1]/body[1]/div[1]/div[1]/div[1]/div[1]/div[1]/div[2]/div[2]/form[1]/div[3]/button[1]]
2023-12-19 17:12:89 INFO  AdminPage :25 - Click on Admin [[ChromeDriver: chrome on windows (49ef051b23da3c410171c89f6fd55c35)] -> xpath: /html[1]/body[1]/div[1]/div[1]/div[1]/aside[1]/nav[1]/div[2]/ul[1]/li[1]/a[1]]
2023-12-19 17:12:41 INFO  HomePage :27 - Enter username [[ChromeDriver: chrome on windows (d045030c79b26e07357ecb8783a8356a)] -> xpath: /html[1]/body[1]/div[1]/div[1]/div[1]/div[1]/div[1]/div[2]/div[2]/form[1]/div[1]/div[1]/div[2]/input[1]]
2023-12-19 17:12:429 INFO  HomePage :34 - Enter password [[ChromeDriver: chrome on windows (d045030c79b26e07357ecb8783a8356a)] -> xpath: /html[1]/body[1]/div[1]/div[1]/div[1]/div[1]/div[1]/div[2]/div[2]/form[1]/div[2]/div[1]/div[2]/input[1]]
2023-12-19 17:12:738 INFO  HomePage :40 - Click On login Button [[ChromeDriver: chrome on windows (d045030c79b26e07357ecb8783a8356a)] -> xpath: /html[1]/body[1]/div[1]/div[1]/div[1]/div[1]/div[1]/div[2]/div[2]/form[1]/div[3]/button[1]]
2023-12-19 17:12:995 INFO  HomePage :27 - Enter username [[ChromeDriver: chrome on windows (ad4b49c1c50056f6b4073817d82d396e)] -> xpath: /html[1]/body[1]/div[1]/div[1]/div[1]/div[1]/div[1]/div[2]/div[2]/form[1]/div[1]/div[1]/div[2]/input[1]]
2023-12-19 17:12:146 INFO  HomePage :34 - Enter password [[ChromeDriver: chrome on windows (ad4b49c1c50056f6b4073817d82d396e)] -> xpath: /html[1]/body[1]/div[1]/div[1]/div[1]/div[1]/div[1]/div[2]/div[2]/form[1]/div[2]/div[1]/div[2]/input[1]]
2023-12-19 17:12:395 INFO  HomePage :40 - Click On login Button [[ChromeDriver: chrome on windows (ad4b49c1c50056f6b4073817d82d396e)] -> xpath: /html[1]/body[1]/div[1]/div[1]/div[1]/div[1]/div[1]/div[2]/div[2]/form[1]/div[3]/button[1]]
2023-12-19 17:12:869 INFO  DashboardPage :27 - Enter Profile Photo [[ChromeDriver: chrome on windows (ad4b49c1c50056f6b4073817d82d396e)] -> xpath: (//img[@class='oxd-userdropdown-img'])[1]]
2023-12-19 17:12:15 INFO  DashboardPage :31 - Click On logout [[ChromeDriver: chrome on windows (ad4b49c1c50056f6b4073817d82d396e)] -> xpath: (//a[normalize-space()='Logout'])[1]]
2023-12-19 17:12:414 INFO  DashboardPage :35 - Getting loginpanel [[ChromeDriver: chrome on windows (ad4b49c1c50056f6b4073817d82d396e)] -> xpath: (//h5[normalize-space()='Login'])[1]]
2023-12-19 17:12:477 INFO  HomePage :27 - Enter username [[ChromeDriver: chrome on windows (dc43fa844544f99017659133ac9f2f54)] -> xpath: /html[1]/body[1]/div[1]/div[1]/div[1]/div[1]/div[1]/div[2]/div[2]/form[1]/div[1]/div[1]/div[2]/input[1]]
2023-12-19 17:12:735 INFO  HomePage :34 - Enter password [[ChromeDriver: chrome on windows (dc43fa844544f99017659133ac9f2f54)] -> xpath: /html[1]/body[1]/div[1]/div[1]/div[1]/div[1]/div[1]/div[2]/div[2]/form[1]/div[2]/div[1]/div[2]/input[1]]
2023-12-19 17:12:927 INFO  HomePage :40 - Click On login Button [[ChromeDriver: chrome on windows (dc43fa844544f99017659133ac9f2f54)] -> xpath: /html[1]/body[1]/div[1]/div[1]/div[1]/div[1]/div[1]/div[2]/div[2]/form[1]/div[3]/button[1]]
2023-12-19 17:12:660 INFO  HomePage :43 - Getting error message Proxy element for: DefaultElementLocator 'By.xpath: (//span[@class='oxd-text oxd-text--span oxd-input-field-error-message oxd-input-group__message'][normalize-space()='Required'])[1]'
2023-12-19 17:12:190 INFO  HomePage :27 - Enter username [[ChromeDriver: chrome on windows (9c996642a01e5347c14de405ef95725e)] -> xpath: /html[1]/body[1]/div[1]/div[1]/div[1]/div[1]/div[1]/div[2]/div[2]/form[1]/div[1]/div[1]/div[2]/input[1]]
2023-12-19 17:12:455 INFO  HomePage :34 - Enter password [[ChromeDriver: chrome on windows (9c996642a01e5347c14de405ef95725e)] -> xpath: /html[1]/body[1]/div[1]/div[1]/div[1]/div[1]/div[1]/div[2]/div[2]/form[1]/div[2]/div[1]/div[2]/input[1]]
2023-12-19 17:12:681 INFO  HomePage :40 - Click On login Button [[ChromeDriver: chrome on windows (9c996642a01e5347c14de405ef95725e)] -> xpath: /html[1]/body[1]/div[1]/div[1]/div[1]/div[1]/div[1]/div[2]/div[2]/form[1]/div[3]/button[1]]
2023-12-19 17:12:347 INFO  HomePage :43 - Getting error message Proxy element for: DefaultElementLocator 'By.xpath: (//span[@class='oxd-text oxd-text--span oxd-input-field-error-message oxd-input-group__message'][normalize-space()='Required'])[1]'
2023-12-19 17:12:234 INFO  HomePage :27 - Enter username [[ChromeDriver: chrome on windows (ef68d3168d8085341f0c60ce4c19ba8a)] -> xpath: /html[1]/body[1]/div[1]/div[1]/div[1]/div[1]/div[1]/div[2]/div[2]/form[1]/div[1]/div[1]/div[2]/input[1]]
2023-12-19 17:12:602 INFO  HomePage :34 - Enter password [[ChromeDriver: chrome on windows (ef68d3168d8085341f0c60ce4c19ba8a)] -> xpath: /html[1]/body[1]/div[1]/div[1]/div[1]/div[1]/div[1]/div[2]/div[2]/form[1]/div[2]/div[1]/div[2]/input[1]]
2023-12-19 17:12:786 INFO  HomePage :40 - Click On login Button [[ChromeDriver: chrome on windows (ef68d3168d8085341f0c60ce4c19ba8a)] -> xpath: /html[1]/body[1]/div[1]/div[1]/div[1]/div[1]/div[1]/div[2]/div[2]/form[1]/div[3]/button[1]]
2023-12-19 17:12:464 INFO  HomePage :43 - Getting error message Proxy element for: DefaultElementLocator 'By.xpath: (//span[@class='oxd-text oxd-text--span oxd-input-field-error-message oxd-input-group__message'][normalize-space()='Required'])[1]'
2023-12-19 17:12:298 INFO  HomePage :27 - Enter username [[ChromeDriver: chrome on windows (f6c2664a54a3bde389d7e07ec66d58c4)] -> xpath: /html[1]/body[1]/div[1]/div[1]/div[1]/div[1]/div[1]/div[2]/div[2]/form[1]/div[1]/div[1]/div[2]/input[1]]
2023-12-19 17:12:546 INFO  HomePage :34 - Enter password [[ChromeDriver: chrome on windows (f6c2664a54a3bde389d7e07ec66d58c4)] -> xpath: /html[1]/body[1]/div[1]/div[1]/div[1]/div[1]/div[1]/div[2]/div[2]/form[1]/div[2]/div[1]/div[2]/input[1]]
2023-12-19 17:12:695 INFO  HomePage :40 - Click On login Button [[ChromeDriver: chrome on windows (f6c2664a54a3bde389d7e07ec66d58c4)] -> xpath: /html[1]/body[1]/div[1]/div[1]/div[1]/div[1]/div[1]/div[2]/div[2]/form[1]/div[3]/button[1]]
2023-12-19 17:12:420 INFO  HomePage :43 - Getting error message Proxy element for: DefaultElementLocator 'By.xpath: (//span[@class='oxd-text oxd-text--span oxd-input-field-error-message oxd-input-group__message'][normalize-space()='Required'])[1]'
2023-12-19 17:12:705 INFO  HomePage :27 - Enter username [[ChromeDriver: chrome on windows (bc566cecb2885b7abf9e91fa889c3a91)] -> xpath: /html[1]/body[1]/div[1]/div[1]/div[1]/div[1]/div[1]/div[2]/div[2]/form[1]/div[1]/div[1]/div[2]/input[1]]
2023-12-19 17:12:855 INFO  HomePage :34 - Enter password [[ChromeDriver: chrome on windows (bc566cecb2885b7abf9e91fa889c3a91)] -> xpath: /html[1]/body[1]/div[1]/div[1]/div[1]/div[1]/div[1]/div[2]/div[2]/form[1]/div[2]/div[1]/div[2]/input[1]]
2023-12-19 17:12:62 INFO  HomePage :40 - Click On login Button [[ChromeDriver: chrome on windows (bc566cecb2885b7abf9e91fa889c3a91)] -> xpath: /html[1]/body[1]/div[1]/div[1]/div[1]/div[1]/div[1]/div[2]/div[2]/form[1]/div[3]/button[1]]
2023-12-19 17:12:404 INFO  AdminPage :25 - Click on Admin [[ChromeDriver: chrome on windows (bc566cecb2885b7abf9e91fa889c3a91)] -> xpath: /html[1]/body[1]/div[1]/div[1]/div[1]/aside[1]/nav[1]/div[2]/ul[1]/li[1]/a[1]]
2023-12-19 17:12:187 INFO  HomePage :27 - Enter username [[ChromeDriver: chrome on windows (a6206f7901b09479fd6f710d3bd59c09)] -> xpath: /html[1]/body[1]/div[1]/div[1]/div[1]/div[1]/div[1]/div[2]/div[2]/form[1]/div[1]/div[1]/div[2]/input[1]]
2023-12-19 17:12:329 INFO  HomePage :34 - Enter password [[ChromeDriver: chrome on windows (a6206f7901b09479fd6f710d3bd59c09)] -> xpath: /html[1]/body[1]/div[1]/div[1]/div[1]/div[1]/div[1]/div[2]/div[2]/form[1]/div[2]/div[1]/div[2]/input[1]]
2023-12-19 17:12:505 INFO  HomePage :40 - Click On login Button [[ChromeDriver: chrome on windows (a6206f7901b09479fd6f710d3bd59c09)] -> xpath: /html[1]/body[1]/div[1]/div[1]/div[1]/div[1]/div[1]/div[2]/div[2]/form[1]/div[3]/button[1]]
2023-12-19 17:12:781 INFO  AdminPage :25 - Click on Admin [[ChromeDriver: chrome on windows (a6206f7901b09479fd6f710d3bd59c09)] -> xpath: /html[1]/body[1]/div[1]/div[1]/div[1]/aside[1]/nav[1]/div[2]/ul[1]/li[1]/a[1]]
2023-12-19 17:12:676 INFO  HomePage :27 - Enter username [[ChromeDriver: chrome on windows (48c44543400b4f8d309b79d0bbf94c24)] -> xpath: /html[1]/body[1]/div[1]/div[1]/div[1]/div[1]/div[1]/div[2]/div[2]/form[1]/div[1]/div[1]/div[2]/input[1]]
2023-12-19 17:12:872 INFO  HomePage :34 - Enter password [[ChromeDriver: chrome on windows (48c44543400b4f8d309b79d0bbf94c24)] -> xpath: /html[1]/body[1]/div[1]/div[1]/div[1]/div[1]/div[1]/div[2]/div[2]/form[1]/div[2]/div[1]/div[2]/input[1]]
2023-12-19 17:12:194 INFO  HomePage :40 - Click On login Button [[ChromeDriver: chrome on windows (48c44543400b4f8d309b79d0bbf94c24)] -> xpath: /html[1]/body[1]/div[1]/div[1]/div[1]/div[1]/div[1]/div[2]/div[2]/form[1]/div[3]/button[1]]
2023-12-19 17:12:528 INFO  AdminPage :25 - Click on Admin [[ChromeDriver: chrome on windows (48c44543400b4f8d309b79d0bbf94c24)] -> xpath: /html[1]/body[1]/div[1]/div[1]/div[1]/aside[1]/nav[1]/div[2]/ul[1]/li[1]/a[1]]
2023-12-19 17:12:329 INFO  HomePage :27 - Enter username [[ChromeDriver: chrome on windows (0eba20c4f699288e915f238b747217d4)] -> xpath: /html[1]/body[1]/div[1]/div[1]/div[1]/div[1]/div[1]/div[2]/div[2]/form[1]/div[1]/div[1]/div[2]/input[1]]
2023-12-19 17:12:533 INFO  HomePage :34 - Enter password [[ChromeDriver: chrome on windows (0eba20c4f699288e915f238b747217d4)] -> xpath: /html[1]/body[1]/div[1]/div[1]/div[1]/div[1]/div[1]/div[2]/div[2]/form[1]/div[2]/div[1]/div[2]/input[1]]
2023-12-19 17:12:711 INFO  HomePage :40 - Click On login Button [[ChromeDriver: chrome on windows (0eba20c4f699288e915f238b747217d4)] -> xpath: /html[1]/body[1]/div[1]/div[1]/div[1]/div[1]/div[1]/div[2]/div[2]/form[1]/div[3]/button[1]]
2023-12-19 17:12:56 INFO  AdminPage :25 - Click on Admin [[ChromeDriver: chrome on windows (0eba20c4f699288e915f238b747217d4)] -> xpath: /html[1]/body[1]/div[1]/div[1]/div[1]/aside[1]/nav[1]/div[2]/ul[1]/li[1]/a[1]]
2023-12-19 17:12:296 INFO  HomePage :27 - Enter username [[ChromeDriver: chrome on windows (010e76dc5c6f0652231011ceda9397ad)] -> xpath: /html[1]/body[1]/div[1]/div[1]/div[1]/div[1]/div[1]/div[2]/div[2]/form[1]/div[1]/div[1]/div[2]/input[1]]
2023-12-19 17:12:486 INFO  HomePage :34 - Enter password [[ChromeDriver: chrome on windows (010e76dc5c6f0652231011ceda9397ad)] -> xpath: /html[1]/body[1]/div[1]/div[1]/div[1]/div[1]/div[1]/div[2]/div[2]/form[1]/div[2]/div[1]/div[2]/input[1]]
2023-12-19 17:12:677 INFO  HomePage :40 - Click On login Button [[ChromeDriver: chrome on windows (010e76dc5c6f0652231011ceda9397ad)] -> xpath: /html[1]/body[1]/div[1]/div[1]/div[1]/div[1]/div[1]/div[2]/div[2]/form[1]/div[3]/button[1]]
2023-12-19 17:12:448 INFO  AdminPage :25 - Click on Admin [[ChromeDriver: chrome on windows (010e76dc5c6f0652231011ceda9397ad)] -> xpath: /html[1]/body[1]/div[1]/div[1]/div[1]/aside[1]/nav[1]/div[2]/ul[1]/li[1]/a[1]]
2023-12-19 17:12:776 INFO  HomePage :27 - Enter username [[ChromeDriver: chrome on windows (07814a1287933ec3601ef6673e6b86c0)] -> xpath: /html[1]/body[1]/div[1]/div[1]/div[1]/div[1]/div[1]/div[2]/div[2]/form[1]/div[1]/div[1]/div[2]/input[1]]
2023-12-19 17:12:948 INFO  HomePage :34 - Enter password [[ChromeDriver: chrome on windows (07814a1287933ec3601ef6673e6b86c0)] -> xpath: /html[1]/body[1]/div[1]/div[1]/div[1]/div[1]/div[1]/div[2]/div[2]/form[1]/div[2]/div[1]/div[2]/input[1]]
2023-12-19 17:12:132 INFO  HomePage :40 - Click On login Button [[ChromeDriver: chrome on windows (07814a1287933ec3601ef6673e6b86c0)] -> xpath: /html[1]/body[1]/div[1]/div[1]/div[1]/div[1]/div[1]/div[2]/div[2]/form[1]/div[3]/button[1]]
2023-12-19 17:12:393 INFO  AdminPage :25 - Click on Admin [[ChromeDriver: chrome on windows (07814a1287933ec3601ef6673e6b86c0)] -> xpath: /html[1]/body[1]/div[1]/div[1]/div[1]/aside[1]/nav[1]/div[2]/ul[1]/li[1]/a[1]]
